010010001010100010001010100010001010001010100010
010010001001100100100100010001001001001001100100
010010001001100100100100010001001001001001001100
010010001001100100100100010001001001001001100001
010010001001100100100100010001001001001001100001
010010001001100100100100010001001001001001100100
010010001001100100100100010001001001001001100100
010010001001100100100100010001001001001001001100
010010001001100100100100010001001001001001100100
010010001001100100100100010001001001001001001100
010010001001100100100100010001001001001001100100
010010001001100100100100010001001001001001001100
010010001001100100100100010001001001001001100100
010010001001100100100100010001001001001001100100
010010001001100100100100010001001001001001001100
010010001001100100100100010001001001001001100001
010010001001100100100100010001001001100100100100
010010001001100100100100010001001001100100001100
010010001001100100100100010001001001100100100001
010010001001100100100100010001001001100100100001
010010001001100100100100010001001001010100100001
010010001001100100100100010001001001010100100100
010010001001100100100100010001001001010100100100
010010001001100100100100010001001001010100001100
010010001001100100100100010001001001010100100001
010010001001100100100100010001001001010100100100
010010001001100100100100010001001001010100100100
010010001001100100100100010001001001010100001100
010010001001100100100100010001100100010100100001
010010001001100100100100010001100100010100100001
010010001001100100100100010001100100010100100100
010010100100100100100100010001100100010100100100
